<?xml version="1.0" encoding="UTF-8"?>
<!-- Generated by org.testng.reporters.JUnitXMLReporter -->
<testsuite hostname="HYWX-PC014" name="云主机(failed)(failed)(failed)(failed)" tests="1" failures="1" timestamp="26 Dec 2017 10:43:32 GMT" time="25.538" errors="0">
  <testcase name="zcectrypass" time="12.588" classname="com.huayun.autoTest.testcases.cec.CecPage_001_CecTryCheck">
    <failure type="java.lang.AssertionError" message="Failed to click element [By.xpath: /html/body/div[1]/aside[1]/section/ul/li[2]/a/i[2]]">
      <![CDATA[java.lang.AssertionError: Failed to click element [By.xpath: /html/body/div[1]/aside[1]/section/ul/li[2]/a/i[2]]
	at com.huayun.autoTest.utils.SeleniumUtil.click(SeleniumUtil.java:111)
	at com.huayun.autoTest.pageshelper.CecPageHelper.onClick(CecPageHelper.java:39)
	at com.huayun.autoTest.testcases.cec.CecPage_001_CecTryCheck.zcectrypass(CecPage_001_CecTryCheck.java:27)
	at java.util.concurrent.FutureTask.run(FutureTask.java:266)
	at java.util.concurrent.ThreadPoolExecutor.runWorker(ThreadPoolExecutor.java:1142)
	at java.util.concurrent.ThreadPoolExecutor$Worker.run(ThreadPoolExecutor.java:617)
	at java.lang.Thread.run(Thread.java:745)
Caused by: java.lang.Exception: org.openqa.selenium.NoSuchElementException: no such element: Unable to locate element: {"method":"xpath","selector":"/html/body/div[1]/aside[1]/section/ul/li[2]/a/i[2]"}
  (Session info: chrome=63.0.3239.108)
  (Driver info: chromedriver=2.34.522940 (1a76f96f66e3ca7b8e57d503b4dd3bccfba87af1),platform=Windows NT 10.0.14393 x86_64) (WARNING: The server did not provide any stacktrace information)
Command duration or timeout: 8 milliseconds
For documentation on this error, please visit: http://seleniumhq.org/exceptions/no_such_element.html
Build info: version: '2.47.1', revision: 'unknown', time: '2015-07-30 11:02:44'
System info: host: 'HYWX-PC014', ip: '10.51.30.95', os.name: 'Windows 10', os.arch: 'amd64', os.version: '10.0', java.version: '1.8.0_91'
Driver info: org.openqa.selenium.chrome.ChromeDriver
Capabilities [{applicationCacheEnabled=false, rotatable=false, mobileEmulationEnabled=false, networkConnectionEnabled=false, chrome={chromedriverVersion=2.34.522940 (1a76f96f66e3ca7b8e57d503b4dd3bccfba87af1), userDataDir=C:\Users\LIUXIA~1\AppData\Local\Temp\scoped_dir6432_17419}, takesHeapSnapshot=true, pageLoadStrategy=normal, databaseEnabled=false, handlesAlerts=true, hasTouchScreen=false, version=63.0.3239.108, platform=XP, browserConnectionEnabled=false, nativeEvents=true, acceptSslCerts=true, locationContextEnabled=true, webStorageEnabled=true, browserName=chrome, takesScreenshot=true, javascriptEnabled=true, cssSelectorsEnabled=true, setWindowRect=true, unexpectedAlertBehaviour=}]
Session ID: 1ff4aad5bd4f9bd3a11c97f3889237d4
*** Element info: {Using=xpath, value=/html/body/div[1]/aside[1]/section/ul/li[2]/a/i[2]}
	at com.huayun.autoTest.utils.SeleniumUtil.clickTheClickable(SeleniumUtil.java:123)
	at com.huayun.autoTest.utils.SeleniumUtil.clickTheClickable(SeleniumUtil.java:127)
	at com.huayun.autoTest.utils.SeleniumUtil.clickTheClickable(SeleniumUtil.java:127)
	at com.huayun.autoTest.utils.SeleniumUtil.clickTheClickable(SeleniumUtil.java:127)
	at com.huayun.autoTest.utils.SeleniumUtil.clickTheClickable(SeleniumUtil.java:127)
	at com.huayun.autoTest.utils.SeleniumUtil.clickTheClickable(SeleniumUtil.java:127)
	at com.huayun.autoTest.utils.SeleniumUtil.click(SeleniumUtil.java:105)
	... 22 more
Caused by: org.openqa.selenium.NoSuchElementException: no such element: Unable to locate element: {"method":"xpath","selector":"/html/body/div[1]/aside[1]/section/ul/li[2]/a/i[2]"}
  (Session info: chrome=63.0.3239.108)
  (Driver info: chromedriver=2.34.522940 (1a76f96f66e3ca7b8e57d503b4dd3bccfba87af1),platform=Windows NT 10.0.14393 x86_64) (WARNING: The server did not provide any stacktrace information)
Command duration or timeout: 8 milliseconds
For documentation on this error, please visit: http://seleniumhq.org/exceptions/no_such_element.html
Build info: version: '2.47.1', revision: 'unknown', time: '2015-07-30 11:02:44'
System info: host: 'HYWX-PC014', ip: '10.51.30.95', os.name: 'Windows 10', os.arch: 'amd64', os.version: '10.0', java.version: '1.8.0_91'
Driver info: org.openqa.selenium.chrome.ChromeDriver
Capabilities [{applicationCacheEnabled=false, rotatable=false, mobileEmulationEnabled=false, networkConnectionEnabled=false, chrome={chromedriverVersion=2.34.522940 (1a76f96f66e3ca7b8e57d503b4dd3bccfba87af1), userDataDir=C:\Users\LIUXIA~1\AppData\Local\Temp\scoped_dir6432_17419}, takesHeapSnapshot=true, pageLoadStrategy=normal, databaseEnabled=false, handlesAlerts=true, hasTouchScreen=false, version=63.0.3239.108, platform=XP, browserConnectionEnabled=false, nativeEvents=true, acceptSslCerts=true, locationContextEnabled=true, webStorageEnabled=true, browserName=chrome, takesScreenshot=true, javascriptEnabled=true, cssSelectorsEnabled=true, setWindowRect=true, unexpectedAlertBehaviour=}]
Session ID: 1ff4aad5bd4f9bd3a11c97f3889237d4
*** Element info: {Using=xpath, value=/html/body/div[1]/aside[1]/section/ul/li[2]/a/i[2]}
	at org.openqa.selenium.remote.ErrorHandler.createThrowable(ErrorHandler.java:206)
	at org.openqa.selenium.remote.ErrorHandler.throwIfResponseFailed(ErrorHandler.java:158)
	at org.openqa.selenium.remote.RemoteWebDriver.execute(RemoteWebDriver.java:595)
	at org.openqa.selenium.remote.RemoteWebDriver.findElement(RemoteWebDriver.java:348)
	at org.openqa.selenium.remote.RemoteWebDriver.findElementByXPath(RemoteWebDriver.java:445)
	at org.openqa.selenium.By$ByXPath.findElement(By.java:358)
	at org.openqa.selenium.remote.RemoteWebDriver.findElement(RemoteWebDriver.java:340)
	at com.huayun.autoTest.utils.SeleniumUtil.findElementBy(SeleniumUtil.java:89)
	at com.huayun.autoTest.utils.SeleniumUtil.clickTheClickable(SeleniumUtil.java:119)
	... 28 more
... Removed 21 stack frames]]>
    </failure>
  </testcase> <!-- zcectrypass -->
</testsuite> <!-- 云主机(failed)(failed)(failed)(failed) -->
